c:\users\mohammad\desktop\flamegpu-release-1.5\examples\floodmodel\src\dynamic\header.h
c:\users\mohammad\desktop\flamegpu-release-1.5\examples\floodmodel\src\dynamic\flamegpu_kernals.cu
c:\users\mohammad\desktop\flamegpu-release-1.5\examples\floodmodel\src\dynamic\io.cu
c:\users\mohammad\desktop\flamegpu-release-1.5\examples\floodmodel\src\dynamic\simulation.cu
c:\users\mohammad\desktop\flamegpu-release-1.5\examples\floodmodel\src\dynamic\main.cu
c:\users\mohammad\desktop\flamegpu-release-1.5\bin\x64\debug_console\floodmodel.ilk
c:\users\mohammad\desktop\flamegpu-release-1.5\bin\x64\debug_console\floodmodel.exe
c:\users\mohammad\desktop\flamegpu-release-1.5\bin\x64\debug_console\floodmodel.pdb
c:\users\mohammad\desktop\flamegpu-release-1.5\examples\floodmodel\x64\debug_console\io.cu.cache
c:\users\mohammad\desktop\flamegpu-release-1.5\examples\floodmodel\x64\debug_console\main.cu.cache
c:\users\mohammad\desktop\flamegpu-release-1.5\examples\floodmodel\x64\debug_console\simulation.cu.cache
c:\users\mohammad\desktop\flamegpu-release-1.5\examples\floodmodel\x64\debug_console\visualisation.cu.cache
c:\users\mohammad\desktop\flamegpu-release-1.5\examples\floodmodel\x64\debug_console\io.cu.obj
c:\users\mohammad\desktop\flamegpu-release-1.5\examples\floodmodel\x64\debug_console\main.cu.obj
c:\users\mohammad\desktop\flamegpu-release-1.5\examples\floodmodel\x64\debug_console\simulation.cu.obj
c:\users\mohammad\desktop\flamegpu-release-1.5\examples\floodmodel\..\..\bin\x64\debug_console\floodmodel.exe
c:\users\mohammad\desktop\flamegpu-release-1.5\examples\floodmodel\x64\debug_console\floodmodel.tlog\floodmodel.write.1.tlog
c:\users\mohammad\desktop\flamegpu-release-1.5\examples\floodmodel\x64\debug_console\floodmodel.tlog\link.command.1.tlog
c:\users\mohammad\desktop\flamegpu-release-1.5\examples\floodmodel\x64\debug_console\floodmodel.tlog\link.read.1.tlog
c:\users\mohammad\desktop\flamegpu-release-1.5\examples\floodmodel\x64\debug_console\floodmodel.tlog\link.write.1.tlog
