c:\users\mohammad\desktop\flamegpu-release-1.5\flamegpu-release-1.5\examples\pedestrianlod\x64\release_visualisation\vc120.pdb
c:\users\mohammad\desktop\flamegpu-release-1.5\flamegpu-release-1.5\examples\pedestrianlod\x64\release_visualisation\pedestrianpopulation.obj
c:\users\mohammad\desktop\flamegpu-release-1.5\flamegpu-release-1.5\examples\pedestrianlod\x64\release_visualisation\objmodel.obj
c:\users\mohammad\desktop\flamegpu-release-1.5\flamegpu-release-1.5\examples\pedestrianlod\x64\release_visualisation\menudisplay.obj
c:\users\mohammad\desktop\flamegpu-release-1.5\flamegpu-release-1.5\examples\pedestrianlod\x64\release_visualisation\glutinputcontroller.obj
c:\users\mohammad\desktop\flamegpu-release-1.5\flamegpu-release-1.5\examples\pedestrianlod\x64\release_visualisation\globalscontroller.obj
c:\users\mohammad\desktop\flamegpu-release-1.5\flamegpu-release-1.5\examples\pedestrianlod\x64\release_visualisation\customvisualisation.obj
c:\users\mohammad\desktop\flamegpu-release-1.5\flamegpu-release-1.5\examples\pedestrianlod\x64\release_visualisation\bufferobjects.obj
c:\users\mohammad\desktop\flamegpu-release-1.5\flamegpu-release-1.5\bin\x64\release_visualisation\pedestrianlod.exe
c:\users\mohammad\desktop\flamegpu-release-1.5\flamegpu-release-1.5\examples\pedestrianlod\src\dynamic\header.h
c:\users\mohammad\desktop\flamegpu-release-1.5\flamegpu-release-1.5\examples\pedestrianlod\src\dynamic\flamegpu_kernals.cu
c:\users\mohammad\desktop\flamegpu-release-1.5\flamegpu-release-1.5\examples\pedestrianlod\src\dynamic\io.cu
c:\users\mohammad\desktop\flamegpu-release-1.5\flamegpu-release-1.5\examples\pedestrianlod\src\dynamic\simulation.cu
c:\users\mohammad\desktop\flamegpu-release-1.5\flamegpu-release-1.5\examples\pedestrianlod\src\dynamic\main.cu
c:\users\mohammad\desktop\github\abflood-flamegpu\examples\pedestrianlod\x64\release_visualisation\bufferobjects.cu.cache
c:\users\mohammad\desktop\github\abflood-flamegpu\examples\pedestrianlod\x64\release_visualisation\customvisualisation.cu.cache
c:\users\mohammad\desktop\github\abflood-flamegpu\examples\pedestrianlod\x64\release_visualisation\io.cu.cache
c:\users\mohammad\desktop\github\abflood-flamegpu\examples\pedestrianlod\x64\release_visualisation\main.cu.cache
c:\users\mohammad\desktop\github\abflood-flamegpu\examples\pedestrianlod\x64\release_visualisation\pedestrianpopulation.cu.cache
c:\users\mohammad\desktop\github\abflood-flamegpu\examples\pedestrianlod\x64\release_visualisation\simulation.cu.cache
c:\users\mohammad\desktop\github\abflood-flamegpu\examples\pedestrianlod\x64\release_visualisation\bufferobjects.cu.obj
c:\users\mohammad\desktop\github\abflood-flamegpu\examples\pedestrianlod\x64\release_visualisation\bufferobjects.obj
c:\users\mohammad\desktop\github\abflood-flamegpu\examples\pedestrianlod\x64\release_visualisation\customvisualisation.cu.obj
c:\users\mohammad\desktop\github\abflood-flamegpu\examples\pedestrianlod\x64\release_visualisation\customvisualisation.obj
c:\users\mohammad\desktop\github\abflood-flamegpu\examples\pedestrianlod\x64\release_visualisation\globalscontroller.obj
c:\users\mohammad\desktop\github\abflood-flamegpu\examples\pedestrianlod\x64\release_visualisation\glutinputcontroller.obj
c:\users\mohammad\desktop\github\abflood-flamegpu\examples\pedestrianlod\x64\release_visualisation\io.cu.obj
c:\users\mohammad\desktop\github\abflood-flamegpu\examples\pedestrianlod\x64\release_visualisation\main.cu.obj
c:\users\mohammad\desktop\github\abflood-flamegpu\examples\pedestrianlod\x64\release_visualisation\menudisplay.obj
c:\users\mohammad\desktop\github\abflood-flamegpu\examples\pedestrianlod\x64\release_visualisation\objmodel.obj
c:\users\mohammad\desktop\github\abflood-flamegpu\examples\pedestrianlod\x64\release_visualisation\pedestrianpopulation.cu.obj
c:\users\mohammad\desktop\github\abflood-flamegpu\examples\pedestrianlod\x64\release_visualisation\pedestrianpopulation.obj
c:\users\mohammad\desktop\github\abflood-flamegpu\examples\pedestrianlod\x64\release_visualisation\simulation.cu.obj
c:\users\mohammad\desktop\github\abflood-flamegpu\examples\pedestrianlod\x64\release_visualisation\vc120.pdb
c:\users\mohammad\desktop\github\abflood-flamegpu\examples\pedestrianlod\..\..\bin\x64\release_visualisation\pedestrianlod.exe
c:\users\mohammad\desktop\github\abflood-flamegpu\examples\pedestrianlod\x64\release_visualisation\pedestrianlod.tlog\cl.command.1.tlog
c:\users\mohammad\desktop\github\abflood-flamegpu\examples\pedestrianlod\x64\release_visualisation\pedestrianlod.tlog\cl.read.1.tlog
c:\users\mohammad\desktop\github\abflood-flamegpu\examples\pedestrianlod\x64\release_visualisation\pedestrianlod.tlog\cl.write.1.tlog
c:\users\mohammad\desktop\github\abflood-flamegpu\examples\pedestrianlod\x64\release_visualisation\pedestrianlod.tlog\link.command.1.tlog
c:\users\mohammad\desktop\github\abflood-flamegpu\examples\pedestrianlod\x64\release_visualisation\pedestrianlod.tlog\link.read.1.tlog
c:\users\mohammad\desktop\github\abflood-flamegpu\examples\pedestrianlod\x64\release_visualisation\pedestrianlod.tlog\link.write.1.tlog
c:\users\mohammad\desktop\github\abflood-flamegpu\examples\pedestrianlod\x64\release_visualisation\pedestrianlod.tlog\pedestrianlod.write.1.tlog
