c:\users\mohammad\desktop\github\abflood-flamegpu\bin\x64\release_console\pedestriannavigation.exe
c:\users\mohammad\desktop\github\abflood-flamegpu\examples\pedestriannavigation\src\dynamic\header.h
c:\users\mohammad\desktop\github\abflood-flamegpu\examples\pedestriannavigation\src\dynamic\flamegpu_kernals.cu
c:\users\mohammad\desktop\github\abflood-flamegpu\examples\pedestriannavigation\src\dynamic\io.cu
c:\users\mohammad\desktop\github\abflood-flamegpu\examples\pedestriannavigation\src\dynamic\simulation.cu
c:\users\mohammad\desktop\github\abflood-flamegpu\examples\pedestriannavigation\src\dynamic\main.cu
c:\users\mohammad\desktop\github\abflood-flamegpu\examples\pedestriannavigation\x64\release_console\bufferobjects.cu.cache
c:\users\mohammad\desktop\github\abflood-flamegpu\examples\pedestriannavigation\x64\release_console\customvisualisation.cu.cache
c:\users\mohammad\desktop\github\abflood-flamegpu\examples\pedestriannavigation\x64\release_console\io.cu.cache
c:\users\mohammad\desktop\github\abflood-flamegpu\examples\pedestriannavigation\x64\release_console\main.cu.cache
c:\users\mohammad\desktop\github\abflood-flamegpu\examples\pedestriannavigation\x64\release_console\navmappopulation.cu.cache
c:\users\mohammad\desktop\github\abflood-flamegpu\examples\pedestriannavigation\x64\release_console\pedestrianpopulation.cu.cache
c:\users\mohammad\desktop\github\abflood-flamegpu\examples\pedestriannavigation\x64\release_console\simulation.cu.cache
c:\users\mohammad\desktop\github\abflood-flamegpu\examples\pedestriannavigation\x64\release_console\io.cu.obj
c:\users\mohammad\desktop\github\abflood-flamegpu\examples\pedestriannavigation\x64\release_console\main.cu.obj
c:\users\mohammad\desktop\github\abflood-flamegpu\examples\pedestriannavigation\x64\release_console\simulation.cu.obj
c:\users\mohammad\desktop\github\abflood-flamegpu\examples\pedestriannavigation\..\..\bin\x64\release_console\pedestriannavigation.exe
c:\users\mohammad\desktop\github\abflood-flamegpu\examples\pedestriannavigation\x64\release_console\pedestri.071bb28a.tlog\link.command.1.tlog
c:\users\mohammad\desktop\github\abflood-flamegpu\examples\pedestriannavigation\x64\release_console\pedestri.071bb28a.tlog\link.read.1.tlog
c:\users\mohammad\desktop\github\abflood-flamegpu\examples\pedestriannavigation\x64\release_console\pedestri.071bb28a.tlog\link.write.1.tlog
c:\users\mohammad\desktop\github\abflood-flamegpu\examples\pedestriannavigation\x64\release_console\pedestri.071bb28a.tlog\pedestriannavigation.write.1.tlog
