c:\users\mohammad\desktop\github\abflood-flamegpu\examples\coupledfloodped\x64\debug_console\vc120.pdb
c:\users\mohammad\desktop\github\abflood-flamegpu\examples\coupledfloodped\x64\debug_console\vc120.idb
c:\users\mohammad\desktop\github\abflood-flamegpu\examples\coupledfloodped\x64\debug_console\bufferobjects.obj
c:\users\mohammad\desktop\github\abflood-flamegpu\examples\coupledfloodped\x64\debug_console\glutinputcontroller.obj
c:\users\mohammad\desktop\github\abflood-flamegpu\examples\coupledfloodped\x64\debug_console\menudisplay.obj
c:\users\mohammad\desktop\github\abflood-flamegpu\examples\coupledfloodped\x64\debug_console\navmappopulation.obj
c:\users\mohammad\desktop\github\abflood-flamegpu\examples\coupledfloodped\x64\debug_console\objmodel.obj
c:\users\mohammad\desktop\github\abflood-flamegpu\examples\coupledfloodped\x64\debug_console\pedestrianpopulation.obj
c:\users\mohammad\desktop\github\abflood-flamegpu\examples\coupledfloodped\src\dynamic\header.h
c:\users\mohammad\desktop\github\abflood-flamegpu\examples\coupledfloodped\src\dynamic\flamegpu_kernals.cu
c:\users\mohammad\desktop\github\abflood-flamegpu\examples\coupledfloodped\src\dynamic\io.cu
c:\users\mohammad\desktop\github\abflood-flamegpu\examples\coupledfloodped\src\dynamic\simulation.cu
c:\users\mohammad\desktop\github\abflood-flamegpu\examples\coupledfloodped\src\dynamic\main.cu
c:\users\mohammad\desktop\github\abflood-flamegpu\examples\coupledfloodped\x64\debug_console\bufferobjects.cu.cache
c:\users\mohammad\desktop\github\abflood-flamegpu\examples\coupledfloodped\x64\debug_console\custom_visualisation.cu.cache
c:\users\mohammad\desktop\github\abflood-flamegpu\examples\coupledfloodped\x64\debug_console\io.cu.cache
c:\users\mohammad\desktop\github\abflood-flamegpu\examples\coupledfloodped\x64\debug_console\main.cu.cache
c:\users\mohammad\desktop\github\abflood-flamegpu\examples\coupledfloodped\x64\debug_console\navmappopulation.cu.cache
c:\users\mohammad\desktop\github\abflood-flamegpu\examples\coupledfloodped\x64\debug_console\pedestrianpopulation.cu.cache
c:\users\mohammad\desktop\github\abflood-flamegpu\examples\coupledfloodped\x64\debug_console\simulation.cu.cache
c:\users\mohammad\desktop\github\abflood-flamegpu\examples\coupledfloodped\x64\debug_console\bufferobjects.cu.obj
c:\users\mohammad\desktop\github\abflood-flamegpu\examples\coupledfloodped\x64\debug_console\io.cu.obj
c:\users\mohammad\desktop\github\abflood-flamegpu\examples\coupledfloodped\x64\debug_console\main.cu.obj
c:\users\mohammad\desktop\github\abflood-flamegpu\examples\coupledfloodped\x64\debug_console\navmappopulation.cu.obj
c:\users\mohammad\desktop\github\abflood-flamegpu\examples\coupledfloodped\x64\debug_console\pedestrianpopulation.cu.obj
c:\users\mohammad\desktop\github\abflood-flamegpu\examples\coupledfloodped\x64\debug_console\simulation.cu.obj
c:\users\mohammad\desktop\github\abflood-flamegpu\examples\coupledfloodped\x64\debug_console\floodped.tlog\cl.command.1.tlog
c:\users\mohammad\desktop\github\abflood-flamegpu\examples\coupledfloodped\x64\debug_console\floodped.tlog\cl.read.1.tlog
c:\users\mohammad\desktop\github\abflood-flamegpu\examples\coupledfloodped\x64\debug_console\floodped.tlog\cl.write.1.tlog
c:\users\mohammad\desktop\github\abflood-flamegpu\examples\coupledfloodped\x64\debug_console\floodped.tlog\floodped.write.1.tlog
c:\users\mohammad\desktop\github\abflood-flamegpu\examples\coupledfloodped\x64\debug_console\floodped.tlog\link-cvtres.read.1.tlog
c:\users\mohammad\desktop\github\abflood-flamegpu\examples\coupledfloodped\x64\debug_console\floodped.tlog\link-cvtres.write.1.tlog
c:\users\mohammad\desktop\github\abflood-flamegpu\examples\coupledfloodped\x64\debug_console\floodped.tlog\link-rc.read.1.tlog
c:\users\mohammad\desktop\github\abflood-flamegpu\examples\coupledfloodped\x64\debug_console\floodped.tlog\link-rc.write.1.tlog
c:\users\mohammad\desktop\github\abflood-flamegpu\examples\coupledfloodped\x64\debug_console\floodped.tlog\link.command.1.tlog
c:\users\mohammad\desktop\github\abflood-flamegpu\examples\coupledfloodped\x64\debug_console\floodped.tlog\link.read.1.tlog
c:\users\mohammad\desktop\github\abflood-flamegpu\examples\coupledfloodped\x64\debug_console\floodped.tlog\link.write.1.tlog
