c:\users\mohammad\desktop\github\abflood-flamegpu\examples\coupledfloodped\x64\release_visualisation\vc120.pdb
c:\users\mohammad\desktop\github\abflood-flamegpu\examples\coupledfloodped\x64\release_visualisation\pedestrianpopulation.obj
c:\users\mohammad\desktop\github\abflood-flamegpu\examples\coupledfloodped\x64\release_visualisation\objmodel.obj
c:\users\mohammad\desktop\github\abflood-flamegpu\examples\coupledfloodped\x64\release_visualisation\navmappopulation.obj
c:\users\mohammad\desktop\github\abflood-flamegpu\examples\coupledfloodped\x64\release_visualisation\menudisplay.obj
c:\users\mohammad\desktop\github\abflood-flamegpu\examples\coupledfloodped\x64\release_visualisation\glutinputcontroller.obj
c:\users\mohammad\desktop\github\abflood-flamegpu\examples\coupledfloodped\x64\release_visualisation\globalscontroller.obj
c:\users\mohammad\desktop\github\abflood-flamegpu\examples\coupledfloodped\x64\release_visualisation\bufferobjects.obj
c:\users\mohammad\desktop\github\abflood-flamegpu\examples\coupledfloodped\src\dynamic\header.h
c:\users\mohammad\desktop\github\abflood-flamegpu\examples\coupledfloodped\src\dynamic\flamegpu_kernals.cu
c:\users\mohammad\desktop\github\abflood-flamegpu\examples\coupledfloodped\src\dynamic\io.cu
c:\users\mohammad\desktop\github\abflood-flamegpu\examples\coupledfloodped\src\dynamic\simulation.cu
c:\users\mohammad\desktop\github\abflood-flamegpu\examples\coupledfloodped\src\dynamic\main.cu
c:\users\mohammad\desktop\github\abflood-flamegpu\bin\x64\release_visualisation\floodped.exe
c:\users\mohammad\desktop\github\abflood-flamegpu\examples\coupledfloodped\x64\release_visualisation\bufferobjects.cu.cache
c:\users\mohammad\desktop\github\abflood-flamegpu\examples\coupledfloodped\x64\release_visualisation\custom_visualisation.cu.cache
c:\users\mohammad\desktop\github\abflood-flamegpu\examples\coupledfloodped\x64\release_visualisation\io.cu.cache
c:\users\mohammad\desktop\github\abflood-flamegpu\examples\coupledfloodped\x64\release_visualisation\main.cu.cache
c:\users\mohammad\desktop\github\abflood-flamegpu\examples\coupledfloodped\x64\release_visualisation\navmappopulation.cu.cache
c:\users\mohammad\desktop\github\abflood-flamegpu\examples\coupledfloodped\x64\release_visualisation\pedestrianpopulation.cu.cache
c:\users\mohammad\desktop\github\abflood-flamegpu\examples\coupledfloodped\x64\release_visualisation\simulation.cu.cache
c:\users\mohammad\desktop\github\abflood-flamegpu\examples\coupledfloodped\x64\release_visualisation\bufferobjects.cu.obj
c:\users\mohammad\desktop\github\abflood-flamegpu\examples\coupledfloodped\x64\release_visualisation\custom_visualisation.cu.obj
c:\users\mohammad\desktop\github\abflood-flamegpu\examples\coupledfloodped\x64\release_visualisation\io.cu.obj
c:\users\mohammad\desktop\github\abflood-flamegpu\examples\coupledfloodped\x64\release_visualisation\main.cu.obj
c:\users\mohammad\desktop\github\abflood-flamegpu\examples\coupledfloodped\x64\release_visualisation\navmappopulation.cu.obj
c:\users\mohammad\desktop\github\abflood-flamegpu\examples\coupledfloodped\x64\release_visualisation\pedestrianpopulation.cu.obj
c:\users\mohammad\desktop\github\abflood-flamegpu\examples\coupledfloodped\x64\release_visualisation\simulation.cu.obj
c:\users\mohammad\desktop\github\abflood-flamegpu\examples\coupledfloodped\..\..\bin\x64\release_visualisation\floodped.exe
c:\users\mohammad\desktop\github\abflood-flamegpu\examples\coupledfloodped\x64\release_visualisation\floodped.tlog\cl.command.1.tlog
c:\users\mohammad\desktop\github\abflood-flamegpu\examples\coupledfloodped\x64\release_visualisation\floodped.tlog\cl.read.1.tlog
c:\users\mohammad\desktop\github\abflood-flamegpu\examples\coupledfloodped\x64\release_visualisation\floodped.tlog\cl.write.1.tlog
c:\users\mohammad\desktop\github\abflood-flamegpu\examples\coupledfloodped\x64\release_visualisation\floodped.tlog\floodped.write.1.tlog
c:\users\mohammad\desktop\github\abflood-flamegpu\examples\coupledfloodped\x64\release_visualisation\floodped.tlog\link.command.1.tlog
c:\users\mohammad\desktop\github\abflood-flamegpu\examples\coupledfloodped\x64\release_visualisation\floodped.tlog\link.read.1.tlog
c:\users\mohammad\desktop\github\abflood-flamegpu\examples\coupledfloodped\x64\release_visualisation\floodped.tlog\link.write.1.tlog
