  
  C:\Users\mohammad\Desktop\GitHub\ABflood-FLAMEGPU\examples\FloodModel>"C:\Program Files\NVIDIA GPU Computing Toolkit\CUDA\v9.1\bin\nvcc.exe" -ccbin "C:\Program Files (x86)\Microsoft Visual Studio 12.0\VC\bin\x86_amd64" -x cu  -I..\..\include -I.\src -I.\src\model -I.\src\dynamic -I.\src\visualisation -I"C:\Program Files\NVIDIA GPU Computing Toolkit\CUDA\v9.1\include" -I"C:\Program Files\NVIDIA GPU Computing Toolkit\CUDA\v9.1\include" -I..\..\include -I.\src -I.\src\model -I.\src\dynamic -I.\src\visualisation -I"C:\Program Files\NVIDIA GPU Computing Toolkit\CUDA\v9.1\include"     --keep-dir x64\Release_Console -maxrregcount=0  --machine 64 --compile      -DWIN32 -DWIN32 -DWIN64 -DNDEBUG -D_CONSOLE -D_MBCS -Xcompiler "/EHsc /W3 /nologo /O2 /FS /Zi  /MT " -o x64\Release_Console\io.cu.obj "C:\Users\mohammad\Desktop\GitHub\ABflood-FLAMEGPU\examples\FloodModel\src\dynamic\io.cu" -clean 
  io.cu
  
  C:\Users\mohammad\Desktop\GitHub\ABflood-FLAMEGPU\examples\FloodModel>"C:\Program Files\NVIDIA GPU Computing Toolkit\CUDA\v9.1\bin\nvcc.exe" -ccbin "C:\Program Files (x86)\Microsoft Visual Studio 12.0\VC\bin\x86_amd64" -x cu  -I..\..\include -I.\src -I.\src\model -I.\src\dynamic -I.\src\visualisation -I"C:\Program Files\NVIDIA GPU Computing Toolkit\CUDA\v9.1\include" -I"C:\Program Files\NVIDIA GPU Computing Toolkit\CUDA\v9.1\include" -I..\..\include -I.\src -I.\src\model -I.\src\dynamic -I.\src\visualisation -I"C:\Program Files\NVIDIA GPU Computing Toolkit\CUDA\v9.1\include"     --keep-dir x64\Release_Console -maxrregcount=0  --machine 64 --compile      -DWIN32 -DWIN32 -DWIN64 -DNDEBUG -D_CONSOLE -D_MBCS -Xcompiler "/EHsc /W3 /nologo /O2 /FS /Zi  /MT " -o x64\Release_Console\main.cu.obj "C:\Users\mohammad\Desktop\GitHub\ABflood-FLAMEGPU\examples\FloodModel\src\dynamic\main.cu" -clean 
  main.cu
  
  C:\Users\mohammad\Desktop\GitHub\ABflood-FLAMEGPU\examples\FloodModel>"C:\Program Files\NVIDIA GPU Computing Toolkit\CUDA\v9.1\bin\nvcc.exe" -ccbin "C:\Program Files (x86)\Microsoft Visual Studio 12.0\VC\bin\x86_amd64" -x cu  -I..\..\include -I.\src -I.\src\model -I.\src\dynamic -I.\src\visualisation -I"C:\Program Files\NVIDIA GPU Computing Toolkit\CUDA\v9.1\include" -I"C:\Program Files\NVIDIA GPU Computing Toolkit\CUDA\v9.1\include" -I..\..\include -I.\src -I.\src\model -I.\src\dynamic -I.\src\visualisation -I"C:\Program Files\NVIDIA GPU Computing Toolkit\CUDA\v9.1\include"     --keep-dir x64\Release_Console -maxrregcount=0  --machine 64 --compile      -DWIN32 -DWIN32 -DWIN64 -DNDEBUG -D_CONSOLE -D_MBCS -Xcompiler "/EHsc /W3 /nologo /O2 /FS /Zi  /MT " -o x64\Release_Console\simulation.cu.obj "C:\Users\mohammad\Desktop\GitHub\ABflood-FLAMEGPU\examples\FloodModel\src\dynamic\simulation.cu" -clean 
  simulation.cu
  Generating Dynamic Code from FLAMEGPU Templates
  
  C:\Users\mohammad\Desktop\GitHub\ABflood-FLAMEGPU\examples\FloodModel>"..\..\tools\XSLTProcessor" "C:\Users\mohammad\Desktop\GitHub\ABflood-FLAMEGPU\examples\FloodModel\src\model\XMLModelFile.xml" "..\..\FLAMEGPU\templates\\header.xslt" ".\src\dynamic\\header.h"  
  XSLT Transformation: XML File -> C:\Users\mohammad\Desktop\GitHub\ABflood-FLAMEGPU\examples\FloodModel\src\model\XMLModelFile.xml, XSLT File -> ..\..\FLAMEGPU\templates\\header.xslt, Output File -> .\src\dynamic\\header.h : Success...
  
  C:\Users\mohammad\Desktop\GitHub\ABflood-FLAMEGPU\examples\FloodModel>"..\..\tools\XSLTProcessor" "C:\Users\mohammad\Desktop\GitHub\ABflood-FLAMEGPU\examples\FloodModel\src\model\XMLModelFile.xml" "..\..\FLAMEGPU\templates\\FLAMEGPU_kernals.xslt" ".\src\dynamic\\FLAMEGPU_kernals.cu"  
  XSLT Transformation: XML File -> C:\Users\mohammad\Desktop\GitHub\ABflood-FLAMEGPU\examples\FloodModel\src\model\XMLModelFile.xml, XSLT File -> ..\..\FLAMEGPU\templates\\FLAMEGPU_kernals.xslt, Output File -> .\src\dynamic\\FLAMEGPU_kernals.cu : Success...
  
  C:\Users\mohammad\Desktop\GitHub\ABflood-FLAMEGPU\examples\FloodModel>"..\..\tools\XSLTProcessor" "C:\Users\mohammad\Desktop\GitHub\ABflood-FLAMEGPU\examples\FloodModel\src\model\XMLModelFile.xml" "..\..\FLAMEGPU\templates\\io.xslt" ".\src\dynamic\\io.cu"  
  XSLT Transformation: XML File -> C:\Users\mohammad\Desktop\GitHub\ABflood-FLAMEGPU\examples\FloodModel\src\model\XMLModelFile.xml, XSLT File -> ..\..\FLAMEGPU\templates\\io.xslt, Output File -> .\src\dynamic\\io.cu : Success...
  
  C:\Users\mohammad\Desktop\GitHub\ABflood-FLAMEGPU\examples\FloodModel>"..\..\tools\XSLTProcessor" "C:\Users\mohammad\Desktop\GitHub\ABflood-FLAMEGPU\examples\FloodModel\src\model\XMLModelFile.xml" "..\..\FLAMEGPU\templates\\simulation.xslt" ".\src\dynamic\\simulation.cu"  
  XSLT Transformation: XML File -> C:\Users\mohammad\Desktop\GitHub\ABflood-FLAMEGPU\examples\FloodModel\src\model\XMLModelFile.xml, XSLT File -> ..\..\FLAMEGPU\templates\\simulation.xslt, Output File -> .\src\dynamic\\simulation.cu : Success...
  
  C:\Users\mohammad\Desktop\GitHub\ABflood-FLAMEGPU\examples\FloodModel>"..\..\tools\XSLTProcessor" "C:\Users\mohammad\Desktop\GitHub\ABflood-FLAMEGPU\examples\FloodModel\src\model\XMLModelFile.xml" "..\..\FLAMEGPU\templates\\main.xslt" ".\src\dynamic\\main.cu"  
  XSLT Transformation: XML File -> C:\Users\mohammad\Desktop\GitHub\ABflood-FLAMEGPU\examples\FloodModel\src\model\XMLModelFile.xml, XSLT File -> ..\..\FLAMEGPU\templates\\main.xslt, Output File -> .\src\dynamic\\main.cu : Success...
  Compiling CUDA source file src\dynamic\io.cu...
  
  C:\Users\mohammad\Desktop\GitHub\ABflood-FLAMEGPU\examples\FloodModel>"C:\Program Files\NVIDIA GPU Computing Toolkit\CUDA\v9.1\bin\nvcc.exe" -gencode=arch=compute_30,code=\"sm_30,compute_30\" -gencode=arch=compute_35,code=\"sm_35,compute_35\" -gencode=arch=compute_50,code=\"sm_50,compute_50\" --use-local-env --cl-version 2013 -ccbin "C:\Program Files (x86)\Microsoft Visual Studio 12.0\VC\bin\x86_amd64" -x cu  -I..\..\include -I.\src -I.\src\model -I.\src\dynamic -I.\src\visualisation -I"C:\Program Files\NVIDIA GPU Computing Toolkit\CUDA\v9.1\include" -I"C:\Program Files\NVIDIA GPU Computing Toolkit\CUDA\v9.1\include" -I..\..\include -I.\src -I.\src\model -I.\src\dynamic -I.\src\visualisation -I"C:\Program Files\NVIDIA GPU Computing Toolkit\CUDA\v9.1\include"     --keep-dir x64\Release_Console -maxrregcount=0  --machine 64 --compile -cudart static     -DWIN32 -DWIN32 -DWIN64 -DNDEBUG -D_CONSOLE -D_MBCS -Xcompiler "/EHsc /W3 /nologo /O2 /FS /Zi  /MT " -o x64\Release_Console\io.cu.obj "C:\Users\mohammad\Desktop\GitHub\ABflood-FLAMEGPU\examples\FloodModel\src\dynamic\io.cu" 
  Compiling CUDA source file src\dynamic\main.cu...
  
  C:\Users\mohammad\Desktop\GitHub\ABflood-FLAMEGPU\examples\FloodModel>"C:\Program Files\NVIDIA GPU Computing Toolkit\CUDA\v9.1\bin\nvcc.exe" -gencode=arch=compute_30,code=\"sm_30,compute_30\" -gencode=arch=compute_35,code=\"sm_35,compute_35\" -gencode=arch=compute_50,code=\"sm_50,compute_50\" --use-local-env --cl-version 2013 -ccbin "C:\Program Files (x86)\Microsoft Visual Studio 12.0\VC\bin\x86_amd64" -x cu  -I..\..\include -I.\src -I.\src\model -I.\src\dynamic -I.\src\visualisation -I"C:\Program Files\NVIDIA GPU Computing Toolkit\CUDA\v9.1\include" -I"C:\Program Files\NVIDIA GPU Computing Toolkit\CUDA\v9.1\include" -I..\..\include -I.\src -I.\src\model -I.\src\dynamic -I.\src\visualisation -I"C:\Program Files\NVIDIA GPU Computing Toolkit\CUDA\v9.1\include"     --keep-dir x64\Release_Console -maxrregcount=0  --machine 64 --compile -cudart static     -DWIN32 -DWIN32 -DWIN64 -DNDEBUG -D_CONSOLE -D_MBCS -Xcompiler "/EHsc /W3 /nologo /O2 /FS /Zi  /MT " -o x64\Release_Console\main.cu.obj "C:\Users\mohammad\Desktop\GitHub\ABflood-FLAMEGPU\examples\FloodModel\src\dynamic\main.cu" 
  Skipping CUDA source file src\visualisation\custom_visualisation.cu (excluded from build).
  Compiling CUDA source file src\dynamic\simulation.cu...
  
  C:\Users\mohammad\Desktop\GitHub\ABflood-FLAMEGPU\examples\FloodModel>"C:\Program Files\NVIDIA GPU Computing Toolkit\CUDA\v9.1\bin\nvcc.exe" -gencode=arch=compute_30,code=\"sm_30,compute_30\" -gencode=arch=compute_35,code=\"sm_35,compute_35\" -gencode=arch=compute_50,code=\"sm_50,compute_50\" --use-local-env --cl-version 2013 -ccbin "C:\Program Files (x86)\Microsoft Visual Studio 12.0\VC\bin\x86_amd64" -x cu  -I..\..\include -I.\src -I.\src\model -I.\src\dynamic -I.\src\visualisation -I"C:\Program Files\NVIDIA GPU Computing Toolkit\CUDA\v9.1\include" -I"C:\Program Files\NVIDIA GPU Computing Toolkit\CUDA\v9.1\include" -I..\..\include -I.\src -I.\src\model -I.\src\dynamic -I.\src\visualisation -I"C:\Program Files\NVIDIA GPU Computing Toolkit\CUDA\v9.1\include"     --keep-dir x64\Release_Console -maxrregcount=0  --machine 64 --compile -cudart static     -DWIN32 -DWIN32 -DWIN64 -DNDEBUG -D_CONSOLE -D_MBCS -Xcompiler "/EHsc /W3 /nologo /O2 /FS /Zi  /MT " -o x64\Release_Console\simulation.cu.obj "C:\Users\mohammad\Desktop\GitHub\ABflood-FLAMEGPU\examples\FloodModel\src\dynamic\simulation.cu" 
  main.cu
  io.cu
  simulation.cu
  LINK : /LTCG specified but no code generation required; remove /LTCG from the link command line to improve linker performance
  FloodModel.vcxproj -> C:\Users\mohammad\Desktop\GitHub\ABflood-FLAMEGPU\examples\FloodModel\..\..\bin\x64\FloodModel.exe
  copy "C:\Program Files\NVIDIA GPU Computing Toolkit\CUDA\v9.1\bin\cudart*.dll" "..\..\bin\x64\"
  C:\Program Files\NVIDIA GPU Computing Toolkit\CUDA\v9.1\bin\cudart32_91.dll
  C:\Program Files\NVIDIA GPU Computing Toolkit\CUDA\v9.1\bin\cudart64_91.dll
          2 file(s) copied.
