c:\users\mohammad\desktop\flamegpu-release-1.5\examples\gameoflife\src\dynamic\header.h
c:\users\mohammad\desktop\flamegpu-release-1.5\examples\gameoflife\src\dynamic\flamegpu_kernals.cu
c:\users\mohammad\desktop\flamegpu-release-1.5\examples\gameoflife\src\dynamic\io.cu
c:\users\mohammad\desktop\flamegpu-release-1.5\examples\gameoflife\src\dynamic\simulation.cu
c:\users\mohammad\desktop\flamegpu-release-1.5\examples\gameoflife\src\dynamic\main.cu
c:\users\mohammad\desktop\flamegpu-release-1.5\examples\gameoflife\src\dynamic\visualisation.cu
c:\users\mohammad\desktop\flamegpu-release-1.5\bin\x64\release_visualisation\gameoflife.exe
c:\users\mohammad\desktop\flamegpu-release-1.5\examples\gameoflife\x64\release_visualisation\io.cu.cache
c:\users\mohammad\desktop\flamegpu-release-1.5\examples\gameoflife\x64\release_visualisation\main.cu.cache
c:\users\mohammad\desktop\flamegpu-release-1.5\examples\gameoflife\x64\release_visualisation\simulation.cu.cache
c:\users\mohammad\desktop\flamegpu-release-1.5\examples\gameoflife\x64\release_visualisation\visualisation.cu.cache
c:\users\mohammad\desktop\flamegpu-release-1.5\examples\gameoflife\x64\release_visualisation\io.cu.obj
c:\users\mohammad\desktop\flamegpu-release-1.5\examples\gameoflife\x64\release_visualisation\main.cu.obj
c:\users\mohammad\desktop\flamegpu-release-1.5\examples\gameoflife\x64\release_visualisation\simulation.cu.obj
c:\users\mohammad\desktop\flamegpu-release-1.5\examples\gameoflife\x64\release_visualisation\visualisation.cu.obj
c:\users\mohammad\desktop\flamegpu-release-1.5\examples\gameoflife\..\..\bin\x64\release_visualisation\gameoflife.exe
c:\users\mohammad\desktop\flamegpu-release-1.5\examples\gameoflife\x64\release_visualisation\gameoflife.tlog\gameoflife.write.1.tlog
c:\users\mohammad\desktop\flamegpu-release-1.5\examples\gameoflife\x64\release_visualisation\gameoflife.tlog\link.command.1.tlog
c:\users\mohammad\desktop\flamegpu-release-1.5\examples\gameoflife\x64\release_visualisation\gameoflife.tlog\link.read.1.tlog
c:\users\mohammad\desktop\flamegpu-release-1.5\examples\gameoflife\x64\release_visualisation\gameoflife.tlog\link.write.1.tlog
