  Generating Dynamic Code from FLAMEGPU Templates
  
  C:\Users\mohammad\Desktop\GitHub\ABflood-FLAMEGPU\examples\PedestrianNavigation>"..\..\tools\XSLTProcessor" "C:\Users\mohammad\Desktop\GitHub\ABflood-FLAMEGPU\examples\PedestrianNavigation\src\model\XMLModelFile.xml" "..\..\FLAMEGPU\templates\\header.xslt" ".\src\dynamic\\header.h"  
  XSLT Transformation: XML File -> C:\Users\mohammad\Desktop\GitHub\ABflood-FLAMEGPU\examples\PedestrianNavigation\src\model\XMLModelFile.xml, XSLT File -> ..\..\FLAMEGPU\templates\\header.xslt, Output File -> .\src\dynamic\\header.h : Success...
  
  C:\Users\mohammad\Desktop\GitHub\ABflood-FLAMEGPU\examples\PedestrianNavigation>"..\..\tools\XSLTProcessor" "C:\Users\mohammad\Desktop\GitHub\ABflood-FLAMEGPU\examples\PedestrianNavigation\src\model\XMLModelFile.xml" "..\..\FLAMEGPU\templates\\FLAMEGPU_kernals.xslt" ".\src\dynamic\\FLAMEGPU_kernals.cu"  
  XSLT Transformation: XML File -> C:\Users\mohammad\Desktop\GitHub\ABflood-FLAMEGPU\examples\PedestrianNavigation\src\model\XMLModelFile.xml, XSLT File -> ..\..\FLAMEGPU\templates\\FLAMEGPU_kernals.xslt, Output File -> .\src\dynamic\\FLAMEGPU_kernals.cu : Success...
  
  C:\Users\mohammad\Desktop\GitHub\ABflood-FLAMEGPU\examples\PedestrianNavigation>"..\..\tools\XSLTProcessor" "C:\Users\mohammad\Desktop\GitHub\ABflood-FLAMEGPU\examples\PedestrianNavigation\src\model\XMLModelFile.xml" "..\..\FLAMEGPU\templates\\io.xslt" ".\src\dynamic\\io.cu"  
  XSLT Transformation: XML File -> C:\Users\mohammad\Desktop\GitHub\ABflood-FLAMEGPU\examples\PedestrianNavigation\src\model\XMLModelFile.xml, XSLT File -> ..\..\FLAMEGPU\templates\\io.xslt, Output File -> .\src\dynamic\\io.cu : Success...
  
  C:\Users\mohammad\Desktop\GitHub\ABflood-FLAMEGPU\examples\PedestrianNavigation>"..\..\tools\XSLTProcessor" "C:\Users\mohammad\Desktop\GitHub\ABflood-FLAMEGPU\examples\PedestrianNavigation\src\model\XMLModelFile.xml" "..\..\FLAMEGPU\templates\\simulation.xslt" ".\src\dynamic\\simulation.cu"  
  XSLT Transformation: XML File -> C:\Users\mohammad\Desktop\GitHub\ABflood-FLAMEGPU\examples\PedestrianNavigation\src\model\XMLModelFile.xml, XSLT File -> ..\..\FLAMEGPU\templates\\simulation.xslt, Output File -> .\src\dynamic\\simulation.cu : Success...
  
  C:\Users\mohammad\Desktop\GitHub\ABflood-FLAMEGPU\examples\PedestrianNavigation>"..\..\tools\XSLTProcessor" "C:\Users\mohammad\Desktop\GitHub\ABflood-FLAMEGPU\examples\PedestrianNavigation\src\model\XMLModelFile.xml" "..\..\FLAMEGPU\templates\\main.xslt" ".\src\dynamic\\main.cu"  
  XSLT Transformation: XML File -> C:\Users\mohammad\Desktop\GitHub\ABflood-FLAMEGPU\examples\PedestrianNavigation\src\model\XMLModelFile.xml, XSLT File -> ..\..\FLAMEGPU\templates\\main.xslt, Output File -> .\src\dynamic\\main.cu : Success...
  Compiling CUDA source file src\dynamic\io.cu...
  Compiling CUDA source file src\dynamic\main.cu...
  
  C:\Users\mohammad\Desktop\GitHub\ABflood-FLAMEGPU\examples\PedestrianNavigation>"C:\Program Files\NVIDIA GPU Computing Toolkit\CUDA\v9.1\bin\nvcc.exe" -gencode=arch=compute_30,code=\"sm_30,compute_30\" -gencode=arch=compute_35,code=\"sm_35,compute_35\" -gencode=arch=compute_50,code=\"sm_50,compute_50\" -gencode=arch=compute_60,code=\"sm_60,compute_60\" --use-local-env --cl-version 2013 -ccbin "C:\Program Files (x86)\Microsoft Visual Studio 12.0\VC\bin\x86_amd64" -x cu  -I..\..\include -I.\src -I.\src\model -I.\src\dynamic -I.\src\visualisation -I"C:\Program Files\NVIDIA GPU Computing Toolkit\CUDA\v9.1\include" -I"C:\Program Files\NVIDIA GPU Computing Toolkit\CUDA\v9.1\include" -I..\..\include -I.\src -I.\src\model -I.\src\dynamic -I.\src\visualisation -I"C:\Program Files\NVIDIA GPU Computing Toolkit\CUDA\v9.1\include"   -lineinfo  --keep-dir x64\Release_Visualisation -maxrregcount=0  --machine 64 --compile -cudart static     -DWIN32 -DWIN32 -DWIN64 -DVISUALISATION -DNDEBUG -D_CONSOLE -D_MBCS -Xcompiler "/EHsc /W3 /nologo /O2 /FS /Zi  /MT " -o x64\Release_Visualisation\io.cu.obj "C:\Users\mohammad\Desktop\GitHub\ABflood-FLAMEGPU\examples\PedestrianNavigation\src\dynamic\io.cu" 
  Compiling CUDA source file src\dynamic\simulation.cu...
  
  C:\Users\mohammad\Desktop\GitHub\ABflood-FLAMEGPU\examples\PedestrianNavigation>"C:\Program Files\NVIDIA GPU Computing Toolkit\CUDA\v9.1\bin\nvcc.exe" -gencode=arch=compute_30,code=\"sm_30,compute_30\" -gencode=arch=compute_35,code=\"sm_35,compute_35\" -gencode=arch=compute_50,code=\"sm_50,compute_50\" -gencode=arch=compute_60,code=\"sm_60,compute_60\" --use-local-env --cl-version 2013 -ccbin "C:\Program Files (x86)\Microsoft Visual Studio 12.0\VC\bin\x86_amd64" -x cu  -I..\..\include -I.\src -I.\src\model -I.\src\dynamic -I.\src\visualisation -I"C:\Program Files\NVIDIA GPU Computing Toolkit\CUDA\v9.1\include" -I"C:\Program Files\NVIDIA GPU Computing Toolkit\CUDA\v9.1\include" -I..\..\include -I.\src -I.\src\model -I.\src\dynamic -I.\src\visualisation -I"C:\Program Files\NVIDIA GPU Computing Toolkit\CUDA\v9.1\include"   -lineinfo  --keep-dir x64\Release_Visualisation -maxrregcount=0  --machine 64 --compile -cudart static     -DWIN32 -DWIN32 -DWIN64 -DVISUALISATION -DNDEBUG -D_CONSOLE -D_MBCS -Xcompiler "/EHsc /W3 /nologo /O2 /FS /Zi  /MT " -o x64\Release_Visualisation\main.cu.obj "C:\Users\mohammad\Desktop\GitHub\ABflood-FLAMEGPU\examples\PedestrianNavigation\src\dynamic\main.cu" 
  
  C:\Users\mohammad\Desktop\GitHub\ABflood-FLAMEGPU\examples\PedestrianNavigation>"C:\Program Files\NVIDIA GPU Computing Toolkit\CUDA\v9.1\bin\nvcc.exe" -gencode=arch=compute_30,code=\"sm_30,compute_30\" -gencode=arch=compute_35,code=\"sm_35,compute_35\" -gencode=arch=compute_50,code=\"sm_50,compute_50\" -gencode=arch=compute_60,code=\"sm_60,compute_60\" --use-local-env --cl-version 2013 -ccbin "C:\Program Files (x86)\Microsoft Visual Studio 12.0\VC\bin\x86_amd64" -x cu  -I..\..\include -I.\src -I.\src\model -I.\src\dynamic -I.\src\visualisation -I"C:\Program Files\NVIDIA GPU Computing Toolkit\CUDA\v9.1\include" -I"C:\Program Files\NVIDIA GPU Computing Toolkit\CUDA\v9.1\include" -I..\..\include -I.\src -I.\src\model -I.\src\dynamic -I.\src\visualisation -I"C:\Program Files\NVIDIA GPU Computing Toolkit\CUDA\v9.1\include"   -lineinfo  --keep-dir x64\Release_Visualisation -maxrregcount=0  --machine 64 --compile -cudart static     -DWIN32 -DWIN32 -DWIN64 -DVISUALISATION -DNDEBUG -D_CONSOLE -D_MBCS -Xcompiler "/EHsc /W3 /nologo /O2 /FS /Zi  /MT " -o x64\Release_Visualisation\simulation.cu.obj "C:\Users\mohammad\Desktop\GitHub\ABflood-FLAMEGPU\examples\PedestrianNavigation\src\dynamic\simulation.cu" 
  main.cu
  io.cu
  Note: including lib: glut32.lib
  
  simulation.cu
  BufferObjects.cpp
  Note: including lib: glut32.lib
  
  CustomVisualisation.cpp
  Note: including lib: glut32.lib
  
  GlobalsController.cpp
  Note: including lib: glut32.lib
  
  GLUTInputController.cpp
  Note: including lib: glut32.lib
  
  MenuDisplay.cpp
  Note: including lib: glut32.lib
  
  NavMapPopulation.cpp
  Note: including lib: glut32.lib
  
  OBJModel.cpp
  Note: including lib: glut32.lib
  
  PedestrianPopulation.cpp
  Note: including lib: glut32.lib
  
  Generating code
  Finished generating code
  PedestrianNavigation.vcxproj -> C:\Users\mohammad\Desktop\GitHub\ABflood-FLAMEGPU\examples\PedestrianNavigation\..\..\bin\x64\Release_Visualisation\PedestrianNavigation.exe
  copy "C:\Program Files\NVIDIA GPU Computing Toolkit\CUDA\v9.1\bin\cudart*.dll" "..\..\bin\x64\Release_Visualisation\"
  C:\Program Files\NVIDIA GPU Computing Toolkit\CUDA\v9.1\bin\cudart32_91.dll
  C:\Program Files\NVIDIA GPU Computing Toolkit\CUDA\v9.1\bin\cudart64_91.dll
          2 file(s) copied.
